app is running at port 80
抱歉，您还没有登录 ！
登陆 ！
app is running at port 80
抱歉，您还没有登录 ！
登陆 ！
抱歉，您还没有登录 ！
登陆 ！
注册 ！
(node:6666) DeprecationWarning: Mongoose: mpromise (mongoose's default promise library) is deprecated, plug in your own promise library instead: http://mongoosejs.com/docs/promises.html
注册成功 ！
抱歉，您还没有登录 ！
登陆 ！
登录成功 ！
写文件操作成功！
发布 ！
app is running at port 80
退出 ！
登陆 ！
登录成功 ！
写文件操作成功！
(node:6729) DeprecationWarning: Mongoose: mpromise (mongoose's default promise library) is deprecated, plug in your own promise library instead: http://mongoosejs.com/docs/promises.html
app is running at port 80
抱歉，您还没有登录 ！
登陆 ！
登录成功 ！
写文件操作成功！
(node:6831) DeprecationWarning: Mongoose: mpromise (mongoose's default promise library) is deprecated, plug in your own promise library instead: http://mongoosejs.com/docs/promises.html
抱歉，您还没有登录 ！
登陆 ！
登陆 ！
登录成功 ！
写文件操作成功！
发布 ！
文章发表成功 ！
查看笔记 ！
查看笔记 ！
查看笔记 ！
发布 ！
查看笔记 ！
查看笔记 ！
抱歉，您还没有登录 ！
抱歉，您还没有登录 ！
抱歉，您还没有登录 ！
抱歉，您还没有登录 ！
抱歉，您还没有登录 ！
抱歉，您还没有登录 ！
登陆 ！
抱歉，您还没有登录 ！
抱歉，您还没有登录 ！
抱歉，您还没有登录 ！
登陆 ！
